tlcvpn/app/build/outputs/logs/manifest-merger-debug-report.txt
-- Merging decision tree log ---
manifest
ADDED from src\main\AndroidManifest.xml:17:1-41:12
INJECTED from src\main\AndroidManifest.xml:17:1-41:12
INJECTED from src\main\AndroidManifest.xml:17:1-41:12
	package
		ADDED from src\main\AndroidManifest.xml:18:9-45
		INJECTED from src\main\AndroidManifest.xml
		INJECTED from src\main\AndroidManifest.xml
	xmlns:android
		ADDED from src\main\AndroidManifest.xml:17:11-69
uses-permission#android.permission.INTERNET
ADDED from src\main\AndroidManifest.xml:20:5-66
	android:name
		ADDED from src\main\AndroidManifest.xml:20:22-64
uses-sdk
ADDED from src\main\AndroidManifest.xml:22:5-43
INJECTED from src\main\AndroidManifest.xml:22:5-43
INJECTED from src\main\AndroidManifest.xml:22:5-43
INJECTED from src\main\AndroidManifest.xml:22:5-43
INJECTED from src\main\AndroidManifest.xml:22:5-43
	android:targetSdkVersion
		INJECTED from src\main\AndroidManifest.xml
		ADDED from src\main\AndroidManifest.xml:22:5-43
		INJECTED from src\main\AndroidManifest.xml
	android:minSdkVersion
		ADDED from src\main\AndroidManifest.xml:22:15-41
		INJECTED from src\main\AndroidManifest.xml
		INJECTED from src\main\AndroidManifest.xml
application
ADDED from src\main\AndroidManifest.xml:24:5-40:19
	android:label
		ADDED from src\main\AndroidManifest.xml:24:18-45
activity#com.example.android.tlcvpn.TlcVpnClient
ADDED from src\main\AndroidManifest.xml:26:9-32:20
	android:configChanges
		ADDED from src\main\AndroidManifest.xml:27:17-67
	android:name
		ADDED from src\main\AndroidManifest.xml:26:19-73
intent-filter#android.intent.action.MAIN+android.intent.category.LAUNCHER
ADDED from src\main\AndroidManifest.xml:28:13-31:29
action#android.intent.action.MAIN
ADDED from src\main\AndroidManifest.xml:29:17-68
	android:name
		ADDED from src\main\AndroidManifest.xml:29:25-66
category#android.intent.category.LAUNCHER
ADDED from src\main\AndroidManifest.xml:30:17-76
	android:name
		ADDED from src\main\AndroidManifest.xml:30:27-74
service#com.example.android.tlcvpn.TlcVpnService
ADDED from src\main\AndroidManifest.xml:34:9-39:19
	android:permission
		ADDED from src\main\AndroidManifest.xml:35:17-73
	android:name
		ADDED from src\main\AndroidManifest.xml:34:18-73
intent-filter#android.net.VpnService
ADDED from src\main\AndroidManifest.xml:36:13-38:29
action#android.net.VpnService
ADDED from src\main\AndroidManifest.xml:37:17-64
	android:name
		ADDED from src\main\AndroidManifest.xml:37:25-62